<?xml version="1.0" encoding="UTF-8"?>
<!-- Generated by org.testng.reporters.JUnitReportReporter -->
<testsuite hostname="DESKTOP-BD7D664" failures="0" tests="1" name="register.TC_RF_004" time="23.185" errors="0" timestamp="2025-05-28T13:58:46 IST" skipped="0">
  <testcase classname="register.TC_RF_004" name="verifyProperNotificationMsgDisplayedManField" time="23.185"/>
</testsuite> <!-- register.TC_RF_004 -->
