<?xml version="1.0" encoding="UTF-8"?>
<!-- Generated by org.testng.reporters.JUnitReportReporter -->
<testsuite hostname="DESKTOP-BD7D664" failures="0" tests="2" name="register.TC_RF_001" time="81.899" errors="0" timestamp="2025-05-21T11:52:06 IST" skipped="0">
  <testcase classname="register.TC_RF_001" name="registeringAccountByProvidingMandFields" time="58.449"/>
  <testcase classname="register.TC_RF_001" name="registeringAccountByProvidingAllFields" time="23.450"/>
</testsuite> <!-- register.TC_RF_001 -->
