<?xml version="1.0" encoding="UTF-8"?>
<!-- Generated by org.testng.reporters.JUnitReportReporter -->
<testsuite hostname="DESKTOP-BD7D664" failures="0" tests="1" name="register.TC_RF_005" time="17.091" errors="0" timestamp="2025-05-28T14:44:51 IST" skipped="0">
  <testcase classname="register.TC_RF_005" name="registeringAccountByProvidingNoOptForNewsLetter" time="17.091"/>
</testsuite> <!-- register.TC_RF_005 -->
